0 info it worked if it ends with ok
1 verbose cli [ 'C:\\Program Files\\nodejs\\node.exe',
1 verbose cli   'C:\\Users\\cloudJumper\\AppData\\Roaming\\npm\\node_modules\\npm\\bin\\npm-cli.js',
1 verbose cli   'run',
1 verbose cli   './node_modules/.bin/babel-node',
1 verbose cli   'app.jsx',
1 verbose cli   '--out-file',
1 verbose cli   'app-compiled.js' ]
2 info using npm@4.0.3
3 info using node@v6.9.2
4 verbose stack Error: missing script: ./node_modules/.bin/babel-node
4 verbose stack     at run (C:\Users\cloudJumper\AppData\Roaming\npm\node_modules\npm\lib\run-script.js:151:19)
4 verbose stack     at C:\Users\cloudJumper\AppData\Roaming\npm\node_modules\npm\lib\run-script.js:61:5
4 verbose stack     at C:\Users\cloudJumper\AppData\Roaming\npm\node_modules\npm\node_modules\read-package-json\read-json.js:356:5
4 verbose stack     at checkBinReferences_ (C:\Users\cloudJumper\AppData\Roaming\npm\node_modules\npm\node_modules\read-package-json\read-json.js:320:45)
4 verbose stack     at final (C:\Users\cloudJumper\AppData\Roaming\npm\node_modules\npm\node_modules\read-package-json\read-json.js:354:3)
4 verbose stack     at then (C:\Users\cloudJumper\AppData\Roaming\npm\node_modules\npm\node_modules\read-package-json\read-json.js:124:5)
4 verbose stack     at C:\Users\cloudJumper\AppData\Roaming\npm\node_modules\npm\node_modules\read-package-json\read-json.js:311:12
4 verbose stack     at C:\Users\cloudJumper\AppData\Roaming\npm\node_modules\npm\node_modules\graceful-fs\graceful-fs.js:78:16
4 verbose stack     at tryToString (fs.js:455:3)
4 verbose stack     at FSReqWrap.readFileAfterClose [as oncomplete] (fs.js:442:12)
5 verbose cwd C:\Users\cloudJumper\Documents\reactionary_food_bytes
6 error Windows_NT 10.0.14393
7 error argv "C:\\Program Files\\nodejs\\node.exe" "C:\\Users\\cloudJumper\\AppData\\Roaming\\npm\\node_modules\\npm\\bin\\npm-cli.js" "run" "./node_modules/.bin/babel-node" "app.jsx" "--out-file" "app-compiled.js"
8 error node v6.9.2
9 error npm  v4.0.3
10 error missing script: ./node_modules/.bin/babel-node
11 error If you need help, you may report this error at:
11 error     <https://github.com/npm/npm/issues>
12 verbose exit [ 1, true ]
